Determining if the pthread_create exist failed with the following output:
Change Dir: /home/ubuntu/catkin_ws/src/darknet_ros/build/CMakeFiles/CMakeTmp

Run Build Command:/usr/bin/make "cmTryCompileExec2351347990/fast"
/usr/bin/make -f CMakeFiles/cmTryCompileExec2351347990.dir/build.make CMakeFiles/cmTryCompileExec2351347990.dir/build
make[1]: Entering directory `/home/ubuntu/catkin_ws/src/darknet_ros/build/CMakeFiles/CMakeTmp'
/usr/bin/cmake -E cmake_progress_report /home/ubuntu/catkin_ws/src/darknet_ros/build/CMakeFiles/CMakeTmp/CMakeFiles 1
Building C object CMakeFiles/cmTryCompileExec2351347990.dir/CheckSymbolExists.c.o
/usr/bin/cc    -o CMakeFiles/cmTryCompileExec2351347990.dir/CheckSymbolExists.c.o   -c /home/ubuntu/catkin_ws/src/darknet_ros/build/CMakeFiles/CMakeTmp/CheckSymbolExists.c
Linking C executable cmTryCompileExec2351347990
/usr/bin/cmake -E cmake_link_script CMakeFiles/cmTryCompileExec2351347990.dir/link.txt --verbose=1
/usr/bin/cc       CMakeFiles/cmTryCompileExec2351347990.dir/CheckSymbolExists.c.o  -o cmTryCompileExec2351347990 -rdynamic 
CMakeFiles/cmTryCompileExec2351347990.dir/CheckSymbolExists.c.o: In function `main':
CheckSymbolExists.c:(.text+0xe): undefined reference to `pthread_create'
CheckSymbolExists.c:(.text+0x12): undefined reference to `pthread_create'
collect2: error: ld returned 1 exit status
make[1]: *** [cmTryCompileExec2351347990] Error 1
make[1]: Leaving directory `/home/ubuntu/catkin_ws/src/darknet_ros/build/CMakeFiles/CMakeTmp'
make: *** [cmTryCompileExec2351347990/fast] Error 2

File /home/ubuntu/catkin_ws/src/darknet_ros/build/CMakeFiles/CMakeTmp/CheckSymbolExists.c:
/* */
#include <pthread.h>

int main(int argc, char** argv)
{
  (void)argv;
#ifndef pthread_create
  return ((int*)(&pthread_create))[argc];
#else
  (void)argc;
  return 0;
#endif
}

Determining if the function pthread_create exists in the pthreads failed with the following output:
Change Dir: /home/ubuntu/catkin_ws/src/darknet_ros/build/CMakeFiles/CMakeTmp

Run Build Command:/usr/bin/make "cmTryCompileExec3213719048/fast"
/usr/bin/make -f CMakeFiles/cmTryCompileExec3213719048.dir/build.make CMakeFiles/cmTryCompileExec3213719048.dir/build
make[1]: Entering directory `/home/ubuntu/catkin_ws/src/darknet_ros/build/CMakeFiles/CMakeTmp'
make[1]: Warning: File `/usr/share/cmake-2.8/Modules/CheckFunctionExists.c' has modification time 3.3e+07 s in the future
/usr/bin/cmake -E cmake_progress_report /home/ubuntu/catkin_ws/src/darknet_ros/build/CMakeFiles/CMakeTmp/CMakeFiles 1
Building C object CMakeFiles/cmTryCompileExec3213719048.dir/CheckFunctionExists.c.o
/usr/bin/cc   -DCHECK_FUNCTION_EXISTS=pthread_create   -o CMakeFiles/cmTryCompileExec3213719048.dir/CheckFunctionExists.c.o   -c /usr/share/cmake-2.8/Modules/CheckFunctionExists.c
Linking C executable cmTryCompileExec3213719048
/usr/bin/cmake -E cmake_link_script CMakeFiles/cmTryCompileExec3213719048.dir/link.txt --verbose=1
/usr/bin/cc   -DCHECK_FUNCTION_EXISTS=pthread_create    CMakeFiles/cmTryCompileExec3213719048.dir/CheckFunctionExists.c.o  -o cmTryCompileExec3213719048 -rdynamic -lpthreads 
/usr/bin/ld: cannot find -lpthreads
collect2: error: ld returned 1 exit status
make[1]: *** [cmTryCompileExec3213719048] Error 1
make[1]: Leaving directory `/home/ubuntu/catkin_ws/src/darknet_ros/build/CMakeFiles/CMakeTmp'
make: *** [cmTryCompileExec3213719048/fast] Error 2


